<?xml version="1.0" encoding="UTF-8"?>
<!-- Generated by org.testng.reporters.JUnitReportReporter -->
<testsuite skipped="0" hostname="LAPTOP-5D5VFHRM" name="com.datadriver.framework.test.LoginTest.DropDownTest" tests="1" failures="0" timestamp="19 Sep 2021 09:07:40 GMT" time="21.148" errors="0">
  <testcase name="test" time="21.148" classname="com.datadriver.framework.test.LoginTest.DropDownTest"/>
</testsuite> <!-- com.datadriver.framework.test.LoginTest.DropDownTest -->
