<?xml version="1.0" encoding="UTF-8"?>
<!-- Generated by org.testng.reporters.JUnitReportReporter -->
<testsuite skipped="0" hostname="LAPTOP-5D5VFHRM" name="com.datadriver.framework.test.LoginTest.loginTest" tests="1" failures="0" timestamp="18 Sep 2021 09:09:02 GMT" time="17.499" errors="0">
  <testcase name="testOne" time="17.499" classname="com.datadriver.framework.test.LoginTest.loginTest"/>
</testsuite> <!-- com.datadriver.framework.test.LoginTest.loginTest -->
