<?xml version="1.0" encoding="UTF-8"?>
<!-- Generated by org.testng.reporters.JUnitReportReporter -->
<testsuite skipped="0" hostname="LAPTOP-5D5VFHRM" name="com.Dropdown.test.DropDownTest" tests="1" failures="0" timestamp="29 Oct 2021 09:49:37 GMT" time="16.413" errors="0">
  <testcase name="test" time="16.413" classname="com.Dropdown.test.DropDownTest"/>
</testsuite> <!-- com.Dropdown.test.DropDownTest -->
